2023-05-26 00:15:27 do_bias INFO: bias called {'annotation': 'Just R22/Reb0', 'count': '5', 'run': None, 'acqtype': 'BIAS', 'locations': 'R22/Reb0'}
2023-05-26 00:15:27 sanityCheck WARNING: ucd-fp subsystem is in alert state ALARM
2023-05-26 00:15:27 takeExposure INFO: Setting Fits headers {'TestType': 'BIAS', 'ImageType': 'BIAS', 'ExposureTime': 0}
2023-05-26 00:15:27 clear INFO: Clearing CCDs 1
2023-05-26 00:15:30 _TestCoordinator__take_image DEBUG: /mnt/10TBHDD/data/20230525/TS_C_20230525_000010_R22_S00.fits removed.
2023-05-26 00:15:30 _TestCoordinator__take_image DEBUG: /mnt/10TBHDD/data/20230525/TS_C_20230525_000010_R22_S01.fits removed.
2023-05-26 00:15:30 _TestCoordinator__take_image DEBUG: /mnt/10TBHDD/data/20230525/TS_C_20230525_000010_R22_S02.fits removed.
2023-05-26 00:15:30 sanityCheck WARNING: ucd-fp subsystem is in alert state ALARM
2023-05-26 00:15:30 takeExposure INFO: Setting Fits headers {'TestType': 'BIAS', 'ImageType': 'BIAS', 'ExposureTime': 0}
2023-05-26 00:15:30 clear INFO: Clearing CCDs 1
2023-05-26 00:15:32 _TestCoordinator__take_image DEBUG: /mnt/10TBHDD/data/20230525/TS_C_20230525_000011_R22_S00.fits removed.
2023-05-26 00:15:32 _TestCoordinator__take_image DEBUG: /mnt/10TBHDD/data/20230525/TS_C_20230525_000011_R22_S02.fits removed.
2023-05-26 00:15:32 sanityCheck WARNING: ucd-fp subsystem is in alert state ALARM
2023-05-26 00:15:32 takeExposure INFO: Setting Fits headers {'TestType': 'BIAS', 'ImageType': 'BIAS', 'ExposureTime': 0}
2023-05-26 00:15:32 clear INFO: Clearing CCDs 1
2023-05-26 00:15:35 _TestCoordinator__take_image DEBUG: /mnt/10TBHDD/data/20230525/TS_C_20230525_000012_R22_S00.fits removed.
2023-05-26 00:15:35 _TestCoordinator__take_image DEBUG: /mnt/10TBHDD/data/20230525/TS_C_20230525_000012_R22_S02.fits removed.
2023-05-26 00:15:35 sanityCheck WARNING: ucd-fp subsystem is in alert state ALARM
2023-05-26 00:15:35 takeExposure INFO: Setting Fits headers {'TestType': 'BIAS', 'ImageType': 'BIAS', 'ExposureTime': 0}
2023-05-26 00:15:35 clear INFO: Clearing CCDs 1
2023-05-26 00:15:38 _TestCoordinator__take_image DEBUG: /mnt/10TBHDD/data/20230525/TS_C_20230525_000013_R22_S00.fits removed.
2023-05-26 00:15:38 _TestCoordinator__take_image DEBUG: /mnt/10TBHDD/data/20230525/TS_C_20230525_000013_R22_S02.fits removed.
2023-05-26 00:15:38 sanityCheck WARNING: ucd-fp subsystem is in alert state ALARM
2023-05-26 00:15:38 takeExposure INFO: Setting Fits headers {'TestType': 'BIAS', 'ImageType': 'BIAS', 'ExposureTime': 0}
2023-05-26 00:15:38 clear INFO: Clearing CCDs 1
2023-05-26 00:15:40 _TestCoordinator__take_image DEBUG: /mnt/10TBHDD/data/20230525/TS_C_20230525_000014_R22_S00.fits removed.
2023-05-26 00:15:40 _TestCoordinator__take_image DEBUG: /mnt/10TBHDD/data/20230525/TS_C_20230525_000014_R22_S02.fits removed.
2023-05-26 11:11:37 do_bias INFO: bias called {'annotation': 'Just R22/Reb0', 'count': '5', 'run': None, 'acqtype': 'BIAS', 'locations': 'R22/Reb0'}
2023-05-26 11:11:37 sanityCheck WARNING: ucd-fp subsystem is in alert state ALARM
2023-05-26 11:11:37 takeExposure INFO: Setting Fits headers {'TestType': 'BIAS', 'ImageType': 'BIAS', 'ExposureTime': 0}
2023-05-26 11:11:37 clear INFO: Clearing CCDs 1
2023-05-26 11:11:39 _TestCoordinator__take_image DEBUG: /mnt/10TBHDD/data/20230526/TS_C_20230526_000001_R22_S00.fits removed.
2023-05-26 11:11:39 _TestCoordinator__take_image DEBUG: /mnt/10TBHDD/data/20230526/TS_C_20230526_000001_R22_S01.fits removed.
2023-05-26 11:11:39 _TestCoordinator__take_image DEBUG: /mnt/10TBHDD/data/20230526/TS_C_20230526_000001_R22_S02.fits removed.
2023-05-26 11:11:39 sanityCheck WARNING: ucd-fp subsystem is in alert state ALARM
2023-05-26 11:11:39 takeExposure INFO: Setting Fits headers {'TestType': 'BIAS', 'ImageType': 'BIAS', 'ExposureTime': 0}
2023-05-26 11:11:39 clear INFO: Clearing CCDs 1
2023-05-26 11:11:42 _TestCoordinator__take_image DEBUG: /mnt/10TBHDD/data/20230526/TS_C_20230526_000002_R22_S00.fits removed.
2023-05-26 11:11:42 _TestCoordinator__take_image DEBUG: /mnt/10TBHDD/data/20230526/TS_C_20230526_000002_R22_S02.fits removed.
2023-05-26 11:11:42 sanityCheck WARNING: ucd-fp subsystem is in alert state ALARM
2023-05-26 11:11:42 takeExposure INFO: Setting Fits headers {'TestType': 'BIAS', 'ImageType': 'BIAS', 'ExposureTime': 0}
2023-05-26 11:11:42 clear INFO: Clearing CCDs 1
2023-05-26 11:11:45 _TestCoordinator__take_image DEBUG: /mnt/10TBHDD/data/20230526/TS_C_20230526_000003_R22_S00.fits removed.
2023-05-26 11:11:45 _TestCoordinator__take_image DEBUG: /mnt/10TBHDD/data/20230526/TS_C_20230526_000003_R22_S02.fits removed.
2023-05-26 11:11:45 sanityCheck WARNING: ucd-fp subsystem is in alert state ALARM
2023-05-26 11:11:45 takeExposure INFO: Setting Fits headers {'TestType': 'BIAS', 'ImageType': 'BIAS', 'ExposureTime': 0}
2023-05-26 11:11:45 clear INFO: Clearing CCDs 1
2023-05-26 11:11:47 _TestCoordinator__take_image DEBUG: /mnt/10TBHDD/data/20230526/TS_C_20230526_000004_R22_S00.fits removed.
2023-05-26 11:11:47 _TestCoordinator__take_image DEBUG: /mnt/10TBHDD/data/20230526/TS_C_20230526_000004_R22_S02.fits removed.
2023-05-26 11:11:47 sanityCheck WARNING: ucd-fp subsystem is in alert state ALARM
2023-05-26 11:11:47 takeExposure INFO: Setting Fits headers {'TestType': 'BIAS', 'ImageType': 'BIAS', 'ExposureTime': 0}
2023-05-26 11:11:47 clear INFO: Clearing CCDs 1
2023-05-26 11:11:50 _TestCoordinator__take_image DEBUG: /mnt/10TBHDD/data/20230526/TS_C_20230526_000005_R22_S00.fits removed.
2023-05-26 11:11:50 _TestCoordinator__take_image DEBUG: /mnt/10TBHDD/data/20230526/TS_C_20230526_000005_R22_S02.fits removed.
2023-05-26 11:14:17 INFO: bias called {'annotation': 'Just R22/Reb0', 'count': '5', 'run': None, 'acqtype': 'BIAS', 'locations': 'R22/Reb0'}
2023-05-26 11:14:17 WARNING: ucd-fp subsystem is in alert state ALARM
2023-05-26 11:14:17 INFO: Setting Fits headers {'TestType': 'BIAS', 'ImageType': 'BIAS', 'ExposureTime': 0}
2023-05-26 11:14:17 INFO: Clearing CCDs 1
2023-05-26 11:14:20 DEBUG: /mnt/10TBHDD/data/20230526/TS_C_20230526_000006_R22_S00.fits removed.
2023-05-26 11:14:20 DEBUG: /mnt/10TBHDD/data/20230526/TS_C_20230526_000006_R22_S01.fits removed.
2023-05-26 11:14:20 DEBUG: /mnt/10TBHDD/data/20230526/TS_C_20230526_000006_R22_S02.fits removed.
2023-05-26 11:14:20 WARNING: ucd-fp subsystem is in alert state ALARM
2023-05-26 11:14:20 INFO: Setting Fits headers {'TestType': 'BIAS', 'ImageType': 'BIAS', 'ExposureTime': 0}
2023-05-26 11:14:20 INFO: Clearing CCDs 1
2023-05-26 11:14:22 DEBUG: /mnt/10TBHDD/data/20230526/TS_C_20230526_000007_R22_S00.fits removed.
2023-05-26 11:14:22 DEBUG: /mnt/10TBHDD/data/20230526/TS_C_20230526_000007_R22_S01.fits amplifiers reordered.
2023-05-26 11:14:22 DEBUG: /mnt/10TBHDD/data/20230526/TS_C_20230526_000007_R22_S02.fits removed.
2023-05-26 11:14:22 WARNING: ucd-fp subsystem is in alert state ALARM
2023-05-26 11:14:22 INFO: Setting Fits headers {'TestType': 'BIAS', 'ImageType': 'BIAS', 'ExposureTime': 0}
2023-05-26 11:14:22 INFO: Clearing CCDs 1
2023-05-26 11:14:25 DEBUG: /mnt/10TBHDD/data/20230526/TS_C_20230526_000008_R22_S00.fits removed.
2023-05-26 11:14:25 DEBUG: /mnt/10TBHDD/data/20230526/TS_C_20230526_000008_R22_S01.fits amplifiers reordered.
2023-05-26 11:14:25 DEBUG: /mnt/10TBHDD/data/20230526/TS_C_20230526_000008_R22_S02.fits removed.
2023-05-26 11:14:25 WARNING: ucd-fp subsystem is in alert state ALARM
2023-05-26 11:14:25 INFO: Setting Fits headers {'TestType': 'BIAS', 'ImageType': 'BIAS', 'ExposureTime': 0}
2023-05-26 11:14:25 INFO: Clearing CCDs 1
2023-05-26 11:14:28 DEBUG: /mnt/10TBHDD/data/20230526/TS_C_20230526_000009_R22_S00.fits removed.
2023-05-26 11:14:28 DEBUG: /mnt/10TBHDD/data/20230526/TS_C_20230526_000009_R22_S01.fits amplifiers reordered.
2023-05-26 11:14:28 DEBUG: /mnt/10TBHDD/data/20230526/TS_C_20230526_000009_R22_S02.fits removed.
2023-05-26 11:14:28 WARNING: ucd-fp subsystem is in alert state ALARM
2023-05-26 11:14:28 INFO: Setting Fits headers {'TestType': 'BIAS', 'ImageType': 'BIAS', 'ExposureTime': 0}
2023-05-26 11:14:28 INFO: Clearing CCDs 1
2023-05-26 11:14:30 DEBUG: /mnt/10TBHDD/data/20230526/TS_C_20230526_000010_R22_S00.fits removed.
2023-05-26 11:14:31 DEBUG: /mnt/10TBHDD/data/20230526/TS_C_20230526_000010_R22_S01.fits amplifiers reordered.
2023-05-26 11:14:31 DEBUG: /mnt/10TBHDD/data/20230526/TS_C_20230526_000010_R22_S02.fits removed.
