2023-05-30 11:34:05 INFO: Acquisition Description: example bias acquisition.
2023-05-30 11:34:05 ERROR: Fatal error occurred in data acquisition.
Traceback (most recent call last):
  File "ucd-data.py", line 66, in main
    config.execute(cfg, {"run" : run})
  File "/home/ccd/ccs/etc/config.py", line 52, in execute
    logger.info("Run Number: {0}".format(command_line_options.get("run", default=None)))
TypeError: get() takes no keyword arguments
2023-05-30 11:36:49 INFO: Acquisition Description: example bias acquisition.
2023-05-30 11:36:49 INFO: Run Number: None
2023-05-30 11:36:49 INFO: Test Types: bias
2023-05-30 11:36:49 INFO: bias called {'annotation': 'Just R22/Reb0', 'count': '5', 'description': '5 bias images.', 'run': None, 'acqtype': 'BIAS', 'locations': 'R22/Reb0'}
2023-05-30 11:36:49 INFO: BIAS Test Description: 5 bias images.
2023-05-30 11:36:49 INFO: Clears: 1, Extra Delay: 0.0 sec
2023-05-30 11:36:49 INFO: Count: 5
2023-05-30 11:36:51 INFO: Flush bias removed. Filepath: /mnt/10TBHDD/data/20230530/TS_C_20230530_000001_R22_S01.fits
2023-05-30 11:36:54 INFO: Image Type: BIAS, Exposure Time: 0.0, File Path: /mnt/10TBHDD/data/20230530/TS_C_20230530_000002_R22_S01.fits
2023-05-30 11:36:57 INFO: Image Type: BIAS, Exposure Time: 0.0, File Path: /mnt/10TBHDD/data/20230530/TS_C_20230530_000003_R22_S01.fits
2023-05-30 11:37:00 INFO: Image Type: BIAS, Exposure Time: 0.0, File Path: /mnt/10TBHDD/data/20230530/TS_C_20230530_000004_R22_S01.fits
2023-05-30 11:37:02 INFO: Image Type: BIAS, Exposure Time: 0.0, File Path: /mnt/10TBHDD/data/20230530/TS_C_20230530_000005_R22_S01.fits
2023-05-30 12:14:16 INFO: Acquisition Description: an example dark acquisition.
2023-05-30 12:14:16 INFO: Run Number: None
2023-05-30 12:14:16 INFO: Test Types: dark
2023-05-30 12:14:16 INFO: dark called {'description': 'Two 10 second dark images.', 'run': None, 'bcount': '1', 'acqtype': 'DARK', 'dark': '10   2', 'locations': 'R22/Reb0'}
2023-05-30 12:14:16 INFO: DARK Test Description: Two 10 second dark images.
2023-05-30 12:14:16 INFO: Clears: 1, Extra Delay: 0.0 sec
2023-05-30 12:14:16 INFO: Bias Count: 1
2023-05-30 12:14:16 INFO: Count: 2, Integration Time 10.0
2023-05-30 12:14:19 INFO: Flush bias removed
2023-05-30 12:14:31 INFO: Image Type: DARK, Exposure Time: 10.0, File Path: /mnt/10TBHDD/data/20230530/TS_C_20230530_000007_R22_S01.fits
2023-05-30 12:14:34 INFO: Image Type: BIAS, Exposure Time: 0.0, File Path: /mnt/10TBHDD/data/20230530/TS_C_20230530_000008_R22_S01.fits
2023-05-30 12:14:47 INFO: Image Type: DARK, Exposure Time: 10.0, File Path: /mnt/10TBHDD/data/20230530/TS_C_20230530_000009_R22_S01.fits
2023-05-30 12:43:08 INFO: Acquisition Description: an example flat acquisition.
2023-05-30 12:43:08 INFO: Run Number: None
2023-05-30 12:43:08 INFO: Test Types: flat
2023-05-30 12:43:08 INFO: flat called {'description': 'One 2 second flat.', 'run': None, 'bcount': '1', 'acqtype': 'FLAT', 'wl': 'r', 'flat': '62000   1', 'signalpersec': '31000', 'locations': 'R22/Reb0'}
2023-05-30 12:43:08 INFO: FLAT Test Description: One 2 second flat.
2023-05-30 12:43:08 INFO: Clears: 1, Extra Delay: 0.0 sec
2023-05-30 12:43:08 INFO: Filter: r, Bias Count: 1
2023-05-30 12:43:08 INFO: Computed Exposure 2 for e_per_pixel=62000
2023-05-30 12:43:08 INFO: Count: 1, Target Signal: 62000.0
2023-05-30 12:43:10 INFO: Flush bias removed
2023-05-30 12:43:16 INFO: Image Type: FLAT, Exposure Time: 2.0, File Path: /mnt/10TBHDD/data/20230530/TS_C_20230530_000011_R22_S01.fits
2023-05-30 12:46:04 INFO: Acquisition Description: an example flat acquisition.
2023-05-30 12:46:04 INFO: Run Number: None
2023-05-30 12:46:04 INFO: Test Types: bias, flat
2023-05-30 12:46:04 INFO: BIAS Test Description: Five biases to clear CCD.
2023-05-30 12:46:04 INFO: Clears: 1, Extra Delay: 0.0 sec
2023-05-30 12:46:04 INFO: Count: 5
2023-05-30 12:46:07 INFO: Flush bias removed
2023-05-30 12:46:10 INFO: Image Type: BIAS, Exposure Time: 0.0, File Path: /mnt/10TBHDD/data/20230530/TS_C_20230530_000013_R22_S01.fits
2023-05-30 12:46:13 INFO: Image Type: BIAS, Exposure Time: 0.0, File Path: /mnt/10TBHDD/data/20230530/TS_C_20230530_000014_R22_S01.fits
2023-05-30 12:46:15 INFO: Image Type: BIAS, Exposure Time: 0.0, File Path: /mnt/10TBHDD/data/20230530/TS_C_20230530_000015_R22_S01.fits
2023-05-30 12:46:18 INFO: Image Type: BIAS, Exposure Time: 0.0, File Path: /mnt/10TBHDD/data/20230530/TS_C_20230530_000016_R22_S01.fits
2023-05-30 12:46:18 INFO: flat called {'description': 'Two 2 second flats.', 'run': None, 'bcount': '1', 'acqtype': 'FLAT', 'wl': 'r', 'flat': '62000   2', 'signalpersec': '31000', 'locations': 'R22/Reb0'}
2023-05-30 12:46:18 INFO: FLAT Test Description: Two 2 second flats.
2023-05-30 12:46:18 INFO: Clears: 1, Extra Delay: 0.0 sec
2023-05-30 12:46:18 INFO: Filter: r, Bias Count: 1
2023-05-30 12:46:18 INFO: Computed Exposure 2 for e_per_pixel=62000
2023-05-30 12:46:18 INFO: Count: 2, Target Signal: 62000.0
2023-05-30 12:46:21 INFO: Image Type: BIAS, Exposure Time: 0.0, File Path: /mnt/10TBHDD/data/20230530/TS_C_20230530_000017_R22_S01.fits
2023-05-30 12:46:26 INFO: Image Type: FLAT, Exposure Time: 2.0, File Path: /mnt/10TBHDD/data/20230530/TS_C_20230530_000018_R22_S01.fits
2023-05-30 12:46:29 INFO: Image Type: BIAS, Exposure Time: 0.0, File Path: /mnt/10TBHDD/data/20230530/TS_C_20230530_000019_R22_S01.fits
2023-05-30 12:46:35 INFO: Image Type: FLAT, Exposure Time: 2.0, File Path: /mnt/10TBHDD/data/20230530/TS_C_20230530_000020_R22_S01.fits
